#
# There is insufficient memory for the Java Runtime Environment to continue.
# Native memory allocation (malloc) failed to allocate 204176 bytes for Chunk::new
# Possible reasons:
#   The system is out of physical RAM or swap space
#   The process is running with CompressedOops enabled, and the Java Heap may be blocking the growth of the native heap
# Possible solutions:
#   Reduce memory load on the system
#   Increase physical memory or swap space
#   Check if swap backing store is full
#   Decrease Java heap size (-Xmx/-Xms)
#   Decrease number of Java threads
#
#  Out of Memory Error (arena.cpp:184), pid=29104, tid=19536
#
# JRE version: Java(TM) SE Runtime Environment (18.0.1.1+2) (build 18.0.1.1+2-6)
# Java VM: Java HotSpot(TM) 64-Bit Server VM (18.0.1.1+2-6, mixed mode, sharing, tiered, compressed oops, compressed class ptrs, g1 gc, windows-amd64)
# No core dump will be written. Minidumps are not enabled by default on client versions of Windows
#

---------------  S U M M A R Y ------------

Command Line: -Dfile.encoding=utf8 c:\Users\LaLoc\.vscode\extensions\vscjava.vscode-gradle-3.12.5\lib\gradle-language-server.jar

Host: AMD Ryzen 9 5900HS with Radeon Graphics        , 16 cores, 15G,  Windows 11 , 64 bit Build 22000 (10.0.22000.318)
Time: Thu Sep 29 02:49:22 2022 Tokyo Standard Time elapsed time: 0.559015 seconds (0d 0h 0m 0s)

---------------  T H R E A D  ---------------

Current thread (0x00000263fd2f2850):  JavaThread "C2 CompilerThread1" daemon [_thread_in_native, id=19536, stack(0x0000009748e00000,0x0000009748f00000)]


Current CompileTask:
C2:    559  798       4       sun.nio.fs.WindowsPath::elementAsString (62 bytes)

Stack: [0x0000009748e00000,0x0000009748f00000]
Native frames: (J=compiled Java code, j=interpreted, Vv=VM code, C=native code)
V  [jvm.dll+0x69887a]
V  [jvm.dll+0x7f38bd]
V  [jvm.dll+0x7f51ce]
V  [jvm.dll+0x7f5883]
V  [jvm.dll+0x25ca3f]
V  [jvm.dll+0xb8c2f]
V  [jvm.dll+0xb8fa5]
V  [jvm.dll+0x2c794f]
V  [jvm.dll+0x5a05b0]
V  [jvm.dll+0x237f1e]
V  [jvm.dll+0x231764]
V  [jvm.dll+0x22eeeb]
V  [jvm.dll+0x1b9cfc]
V  [jvm.dll+0x23e8ca]
V  [jvm.dll+0x23cbb5]
V  [jvm.dll+0x7a5fb1]
V  [jvm.dll+0x7a03ea]
V  [jvm.dll+0x697725]
C  [ucrtbase.dll+0x26c0c]
C  [KERNEL32.DLL+0x154e0]
C  [ntdll.dll+0x485b]


---------------  P R O C E S S  ---------------

Threads class SMR info:
_java_thread_list=0x00000263fcd49fb0, length=16, elements={
0x00000263d37701d0, 0x00000263f8b463b0, 0x00000263f8b47010, 0x00000263f8b60850,
0x00000263f8b61100, 0x00000263f8b61aa0, 0x00000263f8b62440, 0x00000263f8b63110,
0x00000263f8b66ff0, 0x00000263f8b6a900, 0x00000263fcd97d30, 0x00000263fcdc7130,
0x00000263fcdcb6a0, 0x00000263fcf52fe0, 0x00000263fcf53cf0, 0x00000263fd2f2850
}

Java Threads: ( => current thread )
  0x00000263d37701d0 JavaThread "main" [_thread_in_native, id=8528, stack(0x0000009747800000,0x0000009747900000)]
  0x00000263f8b463b0 JavaThread "Reference Handler" daemon [_thread_blocked, id=6968, stack(0x0000009747f00000,0x0000009748000000)]
  0x00000263f8b47010 JavaThread "Finalizer" daemon [_thread_blocked, id=7044, stack(0x0000009748000000,0x0000009748100000)]
  0x00000263f8b60850 JavaThread "Signal Dispatcher" daemon [_thread_blocked, id=5164, stack(0x0000009748100000,0x0000009748200000)]
  0x00000263f8b61100 JavaThread "Attach Listener" daemon [_thread_blocked, id=9144, stack(0x0000009748200000,0x0000009748300000)]
  0x00000263f8b61aa0 JavaThread "Service Thread" daemon [_thread_blocked, id=18964, stack(0x0000009748300000,0x0000009748400000)]
  0x00000263f8b62440 JavaThread "Monitor Deflation Thread" daemon [_thread_blocked, id=22700, stack(0x0000009748400000,0x0000009748500000)]
  0x00000263f8b63110 JavaThread "C2 CompilerThread0" daemon [_thread_in_native, id=21636, stack(0x0000009748500000,0x0000009748600000)]
  0x00000263f8b66ff0 JavaThread "C1 CompilerThread0" daemon [_thread_blocked, id=4740, stack(0x0000009748600000,0x0000009748700000)]
  0x00000263f8b6a900 JavaThread "Sweeper thread" daemon [_thread_blocked, id=30108, stack(0x0000009748700000,0x0000009748800000)]
  0x00000263fcd97d30 JavaThread "C1 CompilerThread1" daemon [_thread_blocked, id=25124, stack(0x0000009748800000,0x0000009748900000)]
  0x00000263fcdc7130 JavaThread "Notification Thread" daemon [_thread_blocked, id=29428, stack(0x0000009748900000,0x0000009748a00000)]
  0x00000263fcdcb6a0 JavaThread "Common-Cleaner" daemon [_thread_blocked, id=2408, stack(0x0000009748b00000,0x0000009748c00000)]
  0x00000263fcf52fe0 JavaThread "C1 CompilerThread2" daemon [_thread_blocked, id=23008, stack(0x0000009748c00000,0x0000009748d00000)]
  0x00000263fcf53cf0 JavaThread "C1 CompilerThread3" daemon [_thread_blocked, id=4012, stack(0x0000009748d00000,0x0000009748e00000)]
=>0x00000263fd2f2850 JavaThread "C2 CompilerThread1" daemon [_thread_in_native, id=19536, stack(0x0000009748e00000,0x0000009748f00000)]

Other Threads:
  0x00000263f8b439f0 VMThread "VM Thread" [stack: 0x0000009747e00000,0x0000009747f00000] [id=22948]
  0x00000263fcdca660 WatcherThread "VM Periodic Task Thread" [stack: 0x0000009748a00000,0x0000009748b00000] [id=17992]
  0x00000263d37e17a0 WorkerThread "GC Thread#0" [stack: 0x0000009747900000,0x0000009747a00000] [id=6888]
  0x00000263d37f1d60 ConcurrentGCThread "G1 Main Marker" [stack: 0x0000009747a00000,0x0000009747b00000] [id=28600]
  0x00000263d37f4660 WorkerThread "G1 Conc#0" [stack: 0x0000009747b00000,0x0000009747c00000] [id=30256]
  0x00000263d383ec50 ConcurrentGCThread "G1 Refine#0" [stack: 0x0000009747c00000,0x0000009747d00000] [id=3016]
  0x00000263f89f8780 ConcurrentGCThread "G1 Service" [stack: 0x0000009747d00000,0x0000009747e00000] [id=6348]

Threads with active compile tasks:
C2 CompilerThread0      583  780   !   4       sun.nio.fs.WindowsPath::initOffsets (153 bytes)
C2 CompilerThread1      583  798       4       sun.nio.fs.WindowsPath::elementAsString (62 bytes)
C2 CompilerThread2      583  871       4       java.util.zip.ZipUtils::CENHOW (9 bytes)

VM state: not at safepoint (normal execution)

VM Mutex/Monitor currently owned by a thread: None

Heap address: 0x0000000709600000, size: 3946 MB, Compressed Oops mode: Zero based, Oop shift amount: 3

CDS archive(s) mapped at: [0x0000000800000000-0x0000000800ba0000-0x0000000800ba0000), size 12189696, SharedBaseAddress: 0x0000000800000000, ArchiveRelocationMode: 0.
Compressed class space mapped at: 0x0000000800c00000-0x0000000840c00000, reserved size: 1073741824
Narrow klass base: 0x0000000800000000, Narrow klass shift: 0, Narrow klass range: 0x100000000

GC Precious Log:
 CardTable entry size: 512
 Card Set container configuration: InlinePtr #cards 4 size 8 Array Of Cards #cards 16 size 48 Howl #buckets 8 coarsen threshold 3686 Howl Bitmap #cards 512 size 80 coarsen threshold 460 Card regions per heap region 1 cards per card region 4096
 CPUs: 16 total, 16 available
 Memory: 15776M
 Large Page Support: Disabled
 NUMA Support: Disabled
 Compressed Oops: Enabled (Zero based)
 Heap Region Size: 2M
 Heap Min Capacity: 8M
 Heap Initial Capacity: 248M
 Heap Max Capacity: 3946M
 Pre-touch: Disabled
 Parallel Workers: 13
 Concurrent Workers: 3
 Concurrent Refinement Workers: 13
 Periodic GC: Disabled

Heap:
 garbage-first heap   total 253952K, used 16384K [0x0000000709600000, 0x0000000800000000)
  region size 2048K, 9 young (18432K), 0 survivors (0K)
 Metaspace       used 3941K, committed 4032K, reserved 1114112K
  class space    used 373K, committed 448K, reserved 1048576K

Heap Regions: E=young(eden), S=young(survivor), O=old, HS=humongous(starts), HC=humongous(continues), CS=collection set, F=free, OA=open archive, CA=closed archive, TAMS=top-at-mark-start (previous, next)
|   0|0x0000000709600000, 0x0000000709600000, 0x0000000709800000|  0%| F|  |TAMS 0x0000000709600000, 0x0000000709600000| Untracked 
|   1|0x0000000709800000, 0x0000000709800000, 0x0000000709a00000|  0%| F|  |TAMS 0x0000000709800000, 0x0000000709800000| Untracked 
|   2|0x0000000709a00000, 0x0000000709a00000, 0x0000000709c00000|  0%| F|  |TAMS 0x0000000709a00000, 0x0000000709a00000| Untracked 
|   3|0x0000000709c00000, 0x0000000709c00000, 0x0000000709e00000|  0%| F|  |TAMS 0x0000000709c00000, 0x0000000709c00000| Untracked 
|   4|0x0000000709e00000, 0x0000000709e00000, 0x000000070a000000|  0%| F|  |TAMS 0x0000000709e00000, 0x0000000709e00000| Untracked 
|   5|0x000000070a000000, 0x000000070a000000, 0x000000070a200000|  0%| F|  |TAMS 0x000000070a000000, 0x000000070a000000| Untracked 
|   6|0x000000070a200000, 0x000000070a200000, 0x000000070a400000|  0%| F|  |TAMS 0x000000070a200000, 0x000000070a200000| Untracked 
|   7|0x000000070a400000, 0x000000070a400000, 0x000000070a600000|  0%| F|  |TAMS 0x000000070a400000, 0x000000070a400000| Untracked 
|   8|0x000000070a600000, 0x000000070a600000, 0x000000070a800000|  0%| F|  |TAMS 0x000000070a600000, 0x000000070a600000| Untracked 
|   9|0x000000070a800000, 0x000000070a800000, 0x000000070aa00000|  0%| F|  |TAMS 0x000000070a800000, 0x000000070a800000| Untracked 
|  10|0x000000070aa00000, 0x000000070aa00000, 0x000000070ac00000|  0%| F|  |TAMS 0x000000070aa00000, 0x000000070aa00000| Untracked 
|  11|0x000000070ac00000, 0x000000070ac00000, 0x000000070ae00000|  0%| F|  |TAMS 0x000000070ac00000, 0x000000070ac00000| Untracked 
|  12|0x000000070ae00000, 0x000000070ae00000, 0x000000070b000000|  0%| F|  |TAMS 0x000000070ae00000, 0x000000070ae00000| Untracked 
|  13|0x000000070b000000, 0x000000070b000000, 0x000000070b200000|  0%| F|  |TAMS 0x000000070b000000, 0x000000070b000000| Untracked 
|  14|0x000000070b200000, 0x000000070b200000, 0x000000070b400000|  0%| F|  |TAMS 0x000000070b200000, 0x000000070b200000| Untracked 
|  15|0x000000070b400000, 0x000000070b400000, 0x000000070b600000|  0%| F|  |TAMS 0x000000070b400000, 0x000000070b400000| Untracked 
|  16|0x000000070b600000, 0x000000070b600000, 0x000000070b800000|  0%| F|  |TAMS 0x000000070b600000, 0x000000070b600000| Untracked 
|  17|0x000000070b800000, 0x000000070b800000, 0x000000070ba00000|  0%| F|  |TAMS 0x000000070b800000, 0x000000070b800000| Untracked 
|  18|0x000000070ba00000, 0x000000070ba00000, 0x000000070bc00000|  0%| F|  |TAMS 0x000000070ba00000, 0x000000070ba00000| Untracked 
|  19|0x000000070bc00000, 0x000000070bc00000, 0x000000070be00000|  0%| F|  |TAMS 0x000000070bc00000, 0x000000070bc00000| Untracked 
|  20|0x000000070be00000, 0x000000070be00000, 0x000000070c000000|  0%| F|  |TAMS 0x000000070be00000, 0x000000070be00000| Untracked 
|  21|0x000000070c000000, 0x000000070c000000, 0x000000070c200000|  0%| F|  |TAMS 0x000000070c000000, 0x000000070c000000| Untracked 
|  22|0x000000070c200000, 0x000000070c200000, 0x000000070c400000|  0%| F|  |TAMS 0x000000070c200000, 0x000000070c200000| Untracked 
|  23|0x000000070c400000, 0x000000070c400000, 0x000000070c600000|  0%| F|  |TAMS 0x000000070c400000, 0x000000070c400000| Untracked 
|  24|0x000000070c600000, 0x000000070c600000, 0x000000070c800000|  0%| F|  |TAMS 0x000000070c600000, 0x000000070c600000| Untracked 
|  25|0x000000070c800000, 0x000000070c800000, 0x000000070ca00000|  0%| F|  |TAMS 0x000000070c800000, 0x000000070c800000| Untracked 
|  26|0x000000070ca00000, 0x000000070ca00000, 0x000000070cc00000|  0%| F|  |TAMS 0x000000070ca00000, 0x000000070ca00000| Untracked 
|  27|0x000000070cc00000, 0x000000070cc00000, 0x000000070ce00000|  0%| F|  |TAMS 0x000000070cc00000, 0x000000070cc00000| Untracked 
|  28|0x000000070ce00000, 0x000000070ce00000, 0x000000070d000000|  0%| F|  |TAMS 0x000000070ce00000, 0x000000070ce00000| Untracked 
|  29|0x000000070d000000, 0x000000070d000000, 0x000000070d200000|  0%| F|  |TAMS 0x000000070d000000, 0x000000070d000000| Untracked 
|  30|0x000000070d200000, 0x000000070d200000, 0x000000070d400000|  0%| F|  |TAMS 0x000000070d200000, 0x000000070d200000| Untracked 
|  31|0x000000070d400000, 0x000000070d400000, 0x000000070d600000|  0%| F|  |TAMS 0x000000070d400000, 0x000000070d400000| Untracked 
|  32|0x000000070d600000, 0x000000070d600000, 0x000000070d800000|  0%| F|  |TAMS 0x000000070d600000, 0x000000070d600000| Untracked 
|  33|0x000000070d800000, 0x000000070d800000, 0x000000070da00000|  0%| F|  |TAMS 0x000000070d800000, 0x000000070d800000| Untracked 
|  34|0x000000070da00000, 0x000000070da00000, 0x000000070dc00000|  0%| F|  |TAMS 0x000000070da00000, 0x000000070da00000| Untracked 
|  35|0x000000070dc00000, 0x000000070dc00000, 0x000000070de00000|  0%| F|  |TAMS 0x000000070dc00000, 0x000000070dc00000| Untracked 
|  36|0x000000070de00000, 0x000000070de00000, 0x000000070e000000|  0%| F|  |TAMS 0x000000070de00000, 0x000000070de00000| Untracked 
|  37|0x000000070e000000, 0x000000070e000000, 0x000000070e200000|  0%| F|  |TAMS 0x000000070e000000, 0x000000070e000000| Untracked 
|  38|0x000000070e200000, 0x000000070e200000, 0x000000070e400000|  0%| F|  |TAMS 0x000000070e200000, 0x000000070e200000| Untracked 
|  39|0x000000070e400000, 0x000000070e400000, 0x000000070e600000|  0%| F|  |TAMS 0x000000070e400000, 0x000000070e400000| Untracked 
|  40|0x000000070e600000, 0x000000070e600000, 0x000000070e800000|  0%| F|  |TAMS 0x000000070e600000, 0x000000070e600000| Untracked 
|  41|0x000000070e800000, 0x000000070e800000, 0x000000070ea00000|  0%| F|  |TAMS 0x000000070e800000, 0x000000070e800000| Untracked 
|  42|0x000000070ea00000, 0x000000070ea00000, 0x000000070ec00000|  0%| F|  |TAMS 0x000000070ea00000, 0x000000070ea00000| Untracked 
|  43|0x000000070ec00000, 0x000000070ec00000, 0x000000070ee00000|  0%| F|  |TAMS 0x000000070ec00000, 0x000000070ec00000| Untracked 
|  44|0x000000070ee00000, 0x000000070ee00000, 0x000000070f000000|  0%| F|  |TAMS 0x000000070ee00000, 0x000000070ee00000| Untracked 
|  45|0x000000070f000000, 0x000000070f000000, 0x000000070f200000|  0%| F|  |TAMS 0x000000070f000000, 0x000000070f000000| Untracked 
|  46|0x000000070f200000, 0x000000070f200000, 0x000000070f400000|  0%| F|  |TAMS 0x000000070f200000, 0x000000070f200000| Untracked 
|  47|0x000000070f400000, 0x000000070f400000, 0x000000070f600000|  0%| F|  |TAMS 0x000000070f400000, 0x000000070f400000| Untracked 
|  48|0x000000070f600000, 0x000000070f600000, 0x000000070f800000|  0%| F|  |TAMS 0x000000070f600000, 0x000000070f600000| Untracked 
|  49|0x000000070f800000, 0x000000070f800000, 0x000000070fa00000|  0%| F|  |TAMS 0x000000070f800000, 0x000000070f800000| Untracked 
|  50|0x000000070fa00000, 0x000000070fa00000, 0x000000070fc00000|  0%| F|  |TAMS 0x000000070fa00000, 0x000000070fa00000| Untracked 
|  51|0x000000070fc00000, 0x000000070fc00000, 0x000000070fe00000|  0%| F|  |TAMS 0x000000070fc00000, 0x000000070fc00000| Untracked 
|  52|0x000000070fe00000, 0x000000070fe00000, 0x0000000710000000|  0%| F|  |TAMS 0x000000070fe00000, 0x000000070fe00000| Untracked 
|  53|0x0000000710000000, 0x0000000710000000, 0x0000000710200000|  0%| F|  |TAMS 0x0000000710000000, 0x0000000710000000| Untracked 
|  54|0x0000000710200000, 0x0000000710200000, 0x0000000710400000|  0%| F|  |TAMS 0x0000000710200000, 0x0000000710200000| Untracked 
|  55|0x0000000710400000, 0x0000000710400000, 0x0000000710600000|  0%| F|  |TAMS 0x0000000710400000, 0x0000000710400000| Untracked 
|  56|0x0000000710600000, 0x0000000710600000, 0x0000000710800000|  0%| F|  |TAMS 0x0000000710600000, 0x0000000710600000| Untracked 
|  57|0x0000000710800000, 0x0000000710800000, 0x0000000710a00000|  0%| F|  |TAMS 0x0000000710800000, 0x0000000710800000| Untracked 
|  58|0x0000000710a00000, 0x0000000710a00000, 0x0000000710c00000|  0%| F|  |TAMS 0x0000000710a00000, 0x0000000710a00000| Untracked 
|  59|0x0000000710c00000, 0x0000000710c00000, 0x0000000710e00000|  0%| F|  |TAMS 0x0000000710c00000, 0x0000000710c00000| Untracked 
|  60|0x0000000710e00000, 0x0000000710e00000, 0x0000000711000000|  0%| F|  |TAMS 0x0000000710e00000, 0x0000000710e00000| Untracked 
|  61|0x0000000711000000, 0x0000000711000000, 0x0000000711200000|  0%| F|  |TAMS 0x0000000711000000, 0x0000000711000000| Untracked 
|  62|0x0000000711200000, 0x0000000711200000, 0x0000000711400000|  0%| F|  |TAMS 0x0000000711200000, 0x0000000711200000| Untracked 
|  63|0x0000000711400000, 0x0000000711400000, 0x0000000711600000|  0%| F|  |TAMS 0x0000000711400000, 0x0000000711400000| Untracked 
|  64|0x0000000711600000, 0x0000000711600000, 0x0000000711800000|  0%| F|  |TAMS 0x0000000711600000, 0x0000000711600000| Untracked 
|  65|0x0000000711800000, 0x0000000711800000, 0x0000000711a00000|  0%| F|  |TAMS 0x0000000711800000, 0x0000000711800000| Untracked 
|  66|0x0000000711a00000, 0x0000000711a00000, 0x0000000711c00000|  0%| F|  |TAMS 0x0000000711a00000, 0x0000000711a00000| Untracked 
|  67|0x0000000711c00000, 0x0000000711c00000, 0x0000000711e00000|  0%| F|  |TAMS 0x0000000711c00000, 0x0000000711c00000| Untracked 
|  68|0x0000000711e00000, 0x0000000711e00000, 0x0000000712000000|  0%| F|  |TAMS 0x0000000711e00000, 0x0000000711e00000| Untracked 
|  69|0x0000000712000000, 0x0000000712000000, 0x0000000712200000|  0%| F|  |TAMS 0x0000000712000000, 0x0000000712000000| Untracked 
|  70|0x0000000712200000, 0x0000000712200000, 0x0000000712400000|  0%| F|  |TAMS 0x0000000712200000, 0x0000000712200000| Untracked 
|  71|0x0000000712400000, 0x0000000712400000, 0x0000000712600000|  0%| F|  |TAMS 0x0000000712400000, 0x0000000712400000| Untracked 
|  72|0x0000000712600000, 0x0000000712600000, 0x0000000712800000|  0%| F|  |TAMS 0x0000000712600000, 0x0000000712600000| Untracked 
|  73|0x0000000712800000, 0x0000000712800000, 0x0000000712a00000|  0%| F|  |TAMS 0x0000000712800000, 0x0000000712800000| Untracked 
|  74|0x0000000712a00000, 0x0000000712a00000, 0x0000000712c00000|  0%| F|  |TAMS 0x0000000712a00000, 0x0000000712a00000| Untracked 
|  75|0x0000000712c00000, 0x0000000712c00000, 0x0000000712e00000|  0%| F|  |TAMS 0x0000000712c00000, 0x0000000712c00000| Untracked 
|  76|0x0000000712e00000, 0x0000000712e00000, 0x0000000713000000|  0%| F|  |TAMS 0x0000000712e00000, 0x0000000712e00000| Untracked 
|  77|0x0000000713000000, 0x0000000713000000, 0x0000000713200000|  0%| F|  |TAMS 0x0000000713000000, 0x0000000713000000| Untracked 
|  78|0x0000000713200000, 0x0000000713200000, 0x0000000713400000|  0%| F|  |TAMS 0x0000000713200000, 0x0000000713200000| Untracked 
|  79|0x0000000713400000, 0x0000000713400000, 0x0000000713600000|  0%| F|  |TAMS 0x0000000713400000, 0x0000000713400000| Untracked 
|  80|0x0000000713600000, 0x0000000713600000, 0x0000000713800000|  0%| F|  |TAMS 0x0000000713600000, 0x0000000713600000| Untracked 
|  81|0x0000000713800000, 0x0000000713800000, 0x0000000713a00000|  0%| F|  |TAMS 0x0000000713800000, 0x0000000713800000| Untracked 
|  82|0x0000000713a00000, 0x0000000713a00000, 0x0000000713c00000|  0%| F|  |TAMS 0x0000000713a00000, 0x0000000713a00000| Untracked 
|  83|0x0000000713c00000, 0x0000000713c00000, 0x0000000713e00000|  0%| F|  |TAMS 0x0000000713c00000, 0x0000000713c00000| Untracked 
|  84|0x0000000713e00000, 0x0000000713e00000, 0x0000000714000000|  0%| F|  |TAMS 0x0000000713e00000, 0x0000000713e00000| Untracked 
|  85|0x0000000714000000, 0x0000000714000000, 0x0000000714200000|  0%| F|  |TAMS 0x0000000714000000, 0x0000000714000000| Untracked 
|  86|0x0000000714200000, 0x0000000714200000, 0x0000000714400000|  0%| F|  |TAMS 0x0000000714200000, 0x0000000714200000| Untracked 
|  87|0x0000000714400000, 0x0000000714400000, 0x0000000714600000|  0%| F|  |TAMS 0x0000000714400000, 0x0000000714400000| Untracked 
|  88|0x0000000714600000, 0x0000000714600000, 0x0000000714800000|  0%| F|  |TAMS 0x0000000714600000, 0x0000000714600000| Untracked 
|  89|0x0000000714800000, 0x0000000714800000, 0x0000000714a00000|  0%| F|  |TAMS 0x0000000714800000, 0x0000000714800000| Untracked 
|  90|0x0000000714a00000, 0x0000000714a00000, 0x0000000714c00000|  0%| F|  |TAMS 0x0000000714a00000, 0x0000000714a00000| Untracked 
|  91|0x0000000714c00000, 0x0000000714c00000, 0x0000000714e00000|  0%| F|  |TAMS 0x0000000714c00000, 0x0000000714c00000| Untracked 
|  92|0x0000000714e00000, 0x0000000714e00000, 0x0000000715000000|  0%| F|  |TAMS 0x0000000714e00000, 0x0000000714e00000| Untracked 
|  93|0x0000000715000000, 0x0000000715000000, 0x0000000715200000|  0%| F|  |TAMS 0x0000000715000000, 0x0000000715000000| Untracked 
|  94|0x0000000715200000, 0x0000000715200000, 0x0000000715400000|  0%| F|  |TAMS 0x0000000715200000, 0x0000000715200000| Untracked 
|  95|0x0000000715400000, 0x0000000715400000, 0x0000000715600000|  0%| F|  |TAMS 0x0000000715400000, 0x0000000715400000| Untracked 
|  96|0x0000000715600000, 0x0000000715600000, 0x0000000715800000|  0%| F|  |TAMS 0x0000000715600000, 0x0000000715600000| Untracked 
|  97|0x0000000715800000, 0x0000000715800000, 0x0000000715a00000|  0%| F|  |TAMS 0x0000000715800000, 0x0000000715800000| Untracked 
|  98|0x0000000715a00000, 0x0000000715a00000, 0x0000000715c00000|  0%| F|  |TAMS 0x0000000715a00000, 0x0000000715a00000| Untracked 
|  99|0x0000000715c00000, 0x0000000715c00000, 0x0000000715e00000|  0%| F|  |TAMS 0x0000000715c00000, 0x0000000715c00000| Untracked 
| 100|0x0000000715e00000, 0x0000000715e00000, 0x0000000716000000|  0%| F|  |TAMS 0x0000000715e00000, 0x0000000715e00000| Untracked 
| 101|0x0000000716000000, 0x0000000716000000, 0x0000000716200000|  0%| F|  |TAMS 0x0000000716000000, 0x0000000716000000| Untracked 
| 102|0x0000000716200000, 0x0000000716200000, 0x0000000716400000|  0%| F|  |TAMS 0x0000000716200000, 0x0000000716200000| Untracked 
| 103|0x0000000716400000, 0x0000000716400000, 0x0000000716600000|  0%| F|  |TAMS 0x0000000716400000, 0x0000000716400000| Untracked 
| 104|0x0000000716600000, 0x0000000716600000, 0x0000000716800000|  0%| F|  |TAMS 0x0000000716600000, 0x0000000716600000| Untracked 
| 105|0x0000000716800000, 0x0000000716800000, 0x0000000716a00000|  0%| F|  |TAMS 0x0000000716800000, 0x0000000716800000| Untracked 
| 106|0x0000000716a00000, 0x0000000716a00000, 0x0000000716c00000|  0%| F|  |TAMS 0x0000000716a00000, 0x0000000716a00000| Untracked 
| 107|0x0000000716c00000, 0x0000000716c00000, 0x0000000716e00000|  0%| F|  |TAMS 0x0000000716c00000, 0x0000000716c00000| Untracked 
| 108|0x0000000716e00000, 0x0000000716e00000, 0x0000000717000000|  0%| F|  |TAMS 0x0000000716e00000, 0x0000000716e00000| Untracked 
| 109|0x0000000717000000, 0x0000000717000000, 0x0000000717200000|  0%| F|  |TAMS 0x0000000717000000, 0x0000000717000000| Untracked 
| 110|0x0000000717200000, 0x0000000717200000, 0x0000000717400000|  0%| F|  |TAMS 0x0000000717200000, 0x0000000717200000| Untracked 
| 111|0x0000000717400000, 0x0000000717400000, 0x0000000717600000|  0%| F|  |TAMS 0x0000000717400000, 0x0000000717400000| Untracked 
| 112|0x0000000717600000, 0x0000000717600000, 0x0000000717800000|  0%| F|  |TAMS 0x0000000717600000, 0x0000000717600000| Untracked 
| 113|0x0000000717800000, 0x0000000717800000, 0x0000000717a00000|  0%| F|  |TAMS 0x0000000717800000, 0x0000000717800000| Untracked 
| 114|0x0000000717a00000, 0x0000000717a00000, 0x0000000717c00000|  0%| F|  |TAMS 0x0000000717a00000, 0x0000000717a00000| Untracked 
| 115|0x0000000717c00000, 0x0000000717d55888, 0x0000000717e00000| 66%| E|  |TAMS 0x0000000717c00000, 0x0000000717c00000| Complete 
| 116|0x0000000717e00000, 0x0000000718000000, 0x0000000718000000|100%| E|CS|TAMS 0x0000000717e00000, 0x0000000717e00000| Complete 
| 117|0x0000000718000000, 0x0000000718200000, 0x0000000718200000|100%| E|CS|TAMS 0x0000000718000000, 0x0000000718000000| Complete 
| 118|0x0000000718200000, 0x0000000718400000, 0x0000000718400000|100%| E|CS|TAMS 0x0000000718200000, 0x0000000718200000| Complete 
| 119|0x0000000718400000, 0x0000000718600000, 0x0000000718600000|100%| E|CS|TAMS 0x0000000718400000, 0x0000000718400000| Complete 
| 120|0x0000000718600000, 0x0000000718800000, 0x0000000718800000|100%| E|CS|TAMS 0x0000000718600000, 0x0000000718600000| Complete 
| 121|0x0000000718800000, 0x0000000718a00000, 0x0000000718a00000|100%| E|CS|TAMS 0x0000000718800000, 0x0000000718800000| Complete 
| 122|0x0000000718a00000, 0x0000000718c00000, 0x0000000718c00000|100%| E|CS|TAMS 0x0000000718a00000, 0x0000000718a00000| Complete 
| 123|0x0000000718c00000, 0x0000000718e00000, 0x0000000718e00000|100%| E|CS|TAMS 0x0000000718c00000, 0x0000000718c00000| Complete 

Card table byte_map: [0x00000263ed060000,0x00000263ed820000] _byte_map_base: 0x00000263e9815000

Marking Bits (Prev, Next): (CMBitMap*) 0x00000263d37e1da0, (CMBitMap*) 0x00000263d37e1de0
 Prev Bits: [0x00000263edfe0000, 0x00000263f1d88000)
 Next Bits: [0x00000263f1d90000, 0x00000263f5b38000)

Polling page: 0x00000263d35a0000

Metaspace:

Usage:
  Non-class:      3.81 MB used.
      Class:    427.46 KB used.
       Both:      4.22 MB used.

Virtual space:
  Non-class space:       64.00 MB reserved,       3.88 MB (  6%) committed,  1 nodes.
      Class space:        1.00 GB reserved,     512.00 KB ( <1%) committed,  1 nodes.
             Both:        1.06 GB reserved,       4.38 MB ( <1%) committed. 

Chunk freelists:
   Non-Class:  3.12 MB
       Class:  3.53 MB
        Both:  6.66 MB

MaxMetaspaceSize: unlimited
CompressedClassSpaceSize: 1.00 GB
Initial GC threshold: 21.00 MB
Current GC threshold: 21.00 MB
CDS: on
MetaspaceReclaimPolicy: balanced
 - commit_granule_bytes: 65536.
 - commit_granule_words: 8192.
 - virtual_space_node_default_size: 8388608.
 - enlarge_chunks_in_place: 1.
 - new_chunks_are_fully_committed: 0.
 - uncommit_free_chunks: 1.
 - use_allocation_guard: 0.


Internal statistics:

num_allocs_failed_limit: 0.
num_arena_births: 24.
num_arena_deaths: 0.
num_vsnodes_births: 2.
num_vsnodes_deaths: 0.
num_space_committed: 70.
num_space_uncommitted: 0.
num_chunks_returned_to_freelist: 0.
num_chunks_taken_from_freelist: 81.
num_chunk_merges: 0.
num_chunk_splits: 50.
num_chunks_enlarged: 38.
num_inconsistent_stats: 0.

CodeHeap 'non-profiled nmethods': size=119168Kb used=247Kb max_used=247Kb free=118920Kb
 bounds [0x00000263e4480000, 0x00000263e46f0000, 0x00000263eb8e0000]
CodeHeap 'profiled nmethods': size=119104Kb used=1686Kb max_used=1686Kb free=117417Kb
 bounds [0x00000263dd030000, 0x00000263dd2a0000, 0x00000263e4480000]
CodeHeap 'non-nmethods': size=7488Kb used=2840Kb max_used=2854Kb free=4647Kb
 bounds [0x00000263dc8e0000, 0x00000263dcbb0000, 0x00000263dd030000]
 total_blobs=1328 nmethods=898 adapters=340
 compilation: enabled
              stopped_count=0, restarted_count=0
 full_count=0

Compilation events (20 events):
Event: 0.550 Thread 0x00000263fcf52fe0  817       3       java.lang.StringLatin1::compareTo (14 bytes)
Event: 0.550 Thread 0x00000263fcf52fe0 nmethod 817 0x00000263dd1ac710 code [0x00000263dd1ac8c0, 0x00000263dd1ac9e8]
Event: 0.550 Thread 0x00000263fcf53cf0 nmethod 815 0x00000263dd1acb10 code [0x00000263dd1accc0, 0x00000263dd1acee8]
Event: 0.550 Thread 0x00000263fcd97d30 nmethod 818 0x00000263dd1acf90 code [0x00000263dd1ad160, 0x00000263dd1ad538]
Event: 0.550 Thread 0x00000263f8b66ff0 nmethod 816 0x00000263dd1ad710 code [0x00000263dd1ad920, 0x00000263dd1addb8]
Event: 0.550 Thread 0x00000263fcd97d30  819       1       java.util.stream.Collectors$CollectorImpl::characteristics (5 bytes)
Event: 0.550 Thread 0x00000263fcd97d30 nmethod 819 0x00000263e44b7c90 code [0x00000263e44b7e20, 0x00000263e44b7ef8]
Event: 0.551 Thread 0x00000263f8b66ff0  821       3       jdk.internal.jimage.ImageLocation::readValue (61 bytes)
Event: 0.551 Thread 0x00000263fcd97d30  822       1       jdk.internal.jimage.ImageHeader::getTableLength (5 bytes)
Event: 0.551 Thread 0x00000263f8b66ff0 nmethod 821 0x00000263dd1adf90 code [0x00000263dd1ae160, 0x00000263dd1ae538]
Event: 0.551 Thread 0x00000263fcd97d30 nmethod 822 0x00000263e44b7f90 code [0x00000263e44b8120, 0x00000263e44b81f8]
Event: 0.554 Thread 0x00000263fcd97d30  823       3       java.lang.StringConcatHelper::initialCoder (14 bytes)
Event: 0.554 Thread 0x00000263fcf53cf0  824       3       java.lang.String::concat (15 bytes)
Event: 0.554 Thread 0x00000263fcf52fe0  825       3       java.lang.StringConcatHelper::simpleConcat (94 bytes)
Event: 0.554 Thread 0x00000263f8b66ff0  826       3       java.lang.StringConcatHelper::newString (67 bytes)
Event: 0.554 Thread 0x00000263fcd97d30 nmethod 823 0x00000263dd1ae710 code [0x00000263dd1ae8a0, 0x00000263dd1ae9b8]
Event: 0.555 Thread 0x00000263f8b66ff0 nmethod 826 0x00000263dd1aea10 code [0x00000263dd1aec80, 0x00000263dd1af708]
Event: 0.555 Thread 0x00000263fcf52fe0 nmethod 825 0x00000263dd1afa90 code [0x00000263dd1afda0, 0x00000263dd1b1018]
Event: 0.555 Thread 0x00000263f8b66ff0  827       3       java.util.jar.JarFile::maybeInstantiateVerifier (42 bytes)
Event: 0.555 Thread 0x00000263fcf53cf0 nmethod 824 0x00000263dd1b1690 code [0x00000263dd1b19c0, 0x00000263dd1b2c98]

GC Heap History (0 events):
No events

Deoptimization events (14 events):
Event: 0.075 Thread 0x00000263d37701d0 DEOPT PACKING pc=0x00000263dd05cd66 sp=0x00000097478fc5a0
Event: 0.075 Thread 0x00000263d37701d0 DEOPT UNPACKING pc=0x00000263dc932b43 sp=0x00000097478fba48 mode 0
Event: 0.156 Thread 0x00000263d37701d0 Uncommon trap: trap_request=0xffffff45 fr.pc=0x00000263e449af20 relative=0x0000000000000b00
Event: 0.156 Thread 0x00000263d37701d0 Uncommon trap: reason=unstable_if action=reinterpret pc=0x00000263e449af20 method=java.util.HashMap.putVal(ILjava/lang/Object;Ljava/lang/Object;ZZ)Ljava/lang/Object; @ 69 c2
Event: 0.156 Thread 0x00000263d37701d0 DEOPT PACKING pc=0x00000263e449af20 sp=0x00000097478fc3e0
Event: 0.156 Thread 0x00000263d37701d0 DEOPT UNPACKING pc=0x00000263dc9323a3 sp=0x00000097478fc3a0 mode 2
Event: 0.226 Thread 0x00000263d37701d0 DEOPT PACKING pc=0x00000263dd0a5fad sp=0x00000097478fad10
Event: 0.226 Thread 0x00000263d37701d0 DEOPT UNPACKING pc=0x00000263dc932b43 sp=0x00000097478fa1a8 mode 0
Event: 0.308 Thread 0x00000263d37701d0 DEOPT PACKING pc=0x00000263dd1494d7 sp=0x00000097478fec60
Event: 0.308 Thread 0x00000263d37701d0 DEOPT UNPACKING pc=0x00000263dc932b43 sp=0x00000097478fe138 mode 0
Event: 0.552 Thread 0x00000263d37701d0 Uncommon trap: trap_request=0xffffff45 fr.pc=0x00000263e44b24b4 relative=0x0000000000000214
Event: 0.552 Thread 0x00000263d37701d0 Uncommon trap: reason=unstable_if action=reinterpret pc=0x00000263e44b24b4 method=java.io.WinNTFileSystem.normalize(Ljava/lang/String;)Ljava/lang/String; @ 104 c2
Event: 0.552 Thread 0x00000263d37701d0 DEOPT PACKING pc=0x00000263e44b24b4 sp=0x00000097478fee00
Event: 0.552 Thread 0x00000263d37701d0 DEOPT UNPACKING pc=0x00000263dc9323a3 sp=0x00000097478fed78 mode 2

Classes loaded (20 events):
Event: 0.551 Loading class java/net/URLConnection
Event: 0.552 Loading class java/net/URLConnection done
Event: 0.552 Loading class java/net/JarURLConnection done
Event: 0.552 Loading class sun/net/www/protocol/jar/JarURLConnection done
Event: 0.552 Loading class sun/net/www/protocol/jar/JarFileFactory
Event: 0.552 Loading class sun/net/www/protocol/jar/URLJarFile$URLJarFileCloseController
Event: 0.552 Loading class sun/net/www/protocol/jar/URLJarFile$URLJarFileCloseController done
Event: 0.552 Loading class sun/net/www/protocol/jar/JarFileFactory done
Event: 0.552 Loading class sun/net/www/protocol/file/FileURLConnection
Event: 0.552 Loading class sun/net/www/URLConnection
Event: 0.552 Loading class sun/net/www/URLConnection done
Event: 0.552 Loading class sun/net/www/protocol/file/FileURLConnection done
Event: 0.552 Loading class sun/net/www/MessageHeader
Event: 0.552 Loading class sun/net/www/MessageHeader done
Event: 0.552 Loading class sun/net/www/protocol/jar/URLJarFile
Event: 0.552 Loading class sun/net/www/protocol/jar/URLJarFile done
Event: 0.553 Loading class sun/net/www/protocol/jar/URLJarFile$URLJarFileEntry
Event: 0.553 Loading class sun/net/www/protocol/jar/URLJarFile$URLJarFileEntry done
Event: 0.553 Loading class sun/net/www/protocol/jar/JarURLConnection$JarURLInputStream
Event: 0.553 Loading class sun/net/www/protocol/jar/JarURLConnection$JarURLInputStream done

Classes unloaded (0 events):
No events

Classes redefined (0 events):
No events

Internal exceptions (2 events):
Event: 0.251 Thread 0x00000263d37701d0 Exception <a 'java/lang/NoSuchMethodError'{0x00000007182facf0}: 'void java.lang.invoke.DirectMethodHandle$Holder.invokeVirtual(java.lang.Object, java.lang.Object)'> (0x00000007182facf0) 
thrown [s\open\src\hotspot\share\interpreter\linkResolver.cpp, line 766]
Event: 0.539 Thread 0x00000263d37701d0 Exception <a 'java/lang/NoSuchMethodError'{0x00000007181e0de8}: 'void java.lang.invoke.DirectMethodHandle$Holder.invokeStatic(java.lang.Object, java.lang.Object, java.lang.Object)'> (0x00000007181e0de8) 
thrown [s\open\src\hotspot\share\interpreter\linkResolver.cpp, line 766]

VM Operations (6 events):
Event: 0.045 Executing VM operation: HandshakeAllThreads
Event: 0.045 Executing VM operation: HandshakeAllThreads done
Event: 0.089 Executing VM operation: HandshakeAllThreads
Event: 0.089 Executing VM operation: HandshakeAllThreads done
Event: 0.552 Executing VM operation: HandshakeAllThreads
Event: 0.552 Executing VM operation: HandshakeAllThreads done

Events (20 events):
Event: 0.017 Thread 0x00000263f8b47010 Thread added: 0x00000263f8b47010
Event: 0.026 Thread 0x00000263f8b60850 Thread added: 0x00000263f8b60850
Event: 0.026 Thread 0x00000263f8b61100 Thread added: 0x00000263f8b61100
Event: 0.026 Thread 0x00000263f8b61aa0 Thread added: 0x00000263f8b61aa0
Event: 0.026 Thread 0x00000263f8b62440 Thread added: 0x00000263f8b62440
Event: 0.026 Thread 0x00000263f8b63110 Thread added: 0x00000263f8b63110
Event: 0.026 Thread 0x00000263f8b66ff0 Thread added: 0x00000263f8b66ff0
Event: 0.026 Thread 0x00000263f8b6a900 Thread added: 0x00000263f8b6a900
Event: 0.036 Thread 0x00000263fcd97d30 Thread added: 0x00000263fcd97d30
Event: 0.038 Thread 0x00000263fcdc7130 Thread added: 0x00000263fcdc7130
Event: 0.039 Thread 0x00000263fcdcb6a0 Thread added: 0x00000263fcdcb6a0
Event: 0.042 Loaded shared library C:\Program Files\Java\jdk-18.0.1.1\bin\net.dll
Event: 0.043 Loaded shared library C:\Program Files\Java\jdk-18.0.1.1\bin\nio.dll
Event: 0.045 Loaded shared library C:\Program Files\Java\jdk-18.0.1.1\bin\zip.dll
Event: 0.059 Thread 0x00000263fcf52fe0 Thread added: 0x00000263fcf52fe0
Event: 0.059 Thread 0x00000263fcf53cf0 Thread added: 0x00000263fcf53cf0
Event: 0.120 Loaded shared library C:\Program Files\Java\jdk-18.0.1.1\bin\jimage.dll
Event: 0.168 Thread 0x00000263fd09a680 Thread added: 0x00000263fd09a680
Event: 0.302 Thread 0x00000263fd09a680 Thread exited: 0x00000263fd09a680
Event: 0.545 Thread 0x00000263fd2f2850 Thread added: 0x00000263fd2f2850


Dynamic libraries:
0x00007ff60c9d0000 - 0x00007ff60c9e0000 	C:\Program Files\Java\jdk-18.0.1.1\bin\java.exe
0x00007ff883720000 - 0x00007ff883927000 	C:\WINDOWS\SYSTEM32\ntdll.dll
0x00007ff8816d0000 - 0x00007ff88178d000 	C:\WINDOWS\System32\KERNEL32.DLL
0x00007ff880f30000 - 0x00007ff8812a4000 	C:\WINDOWS\System32\KERNELBASE.dll
0x00007ff8813f0000 - 0x00007ff881501000 	C:\WINDOWS\System32\ucrtbase.dll
0x00007ff8645b0000 - 0x00007ff8645ca000 	C:\Program Files\Java\jdk-18.0.1.1\bin\VCRUNTIME140.dll
0x00007ff864730000 - 0x00007ff864748000 	C:\Program Files\Java\jdk-18.0.1.1\bin\jli.dll
0x00007ff881c40000 - 0x00007ff881cec000 	C:\WINDOWS\System32\ADVAPI32.dll
0x00007ff8818a0000 - 0x00007ff881943000 	C:\WINDOWS\System32\msvcrt.dll
0x00007ff8825c0000 - 0x00007ff88265d000 	C:\WINDOWS\System32\sechost.dll
0x00007ff881950000 - 0x00007ff881a71000 	C:\WINDOWS\System32\RPCRT4.dll
0x00007ff882e60000 - 0x00007ff88300c000 	C:\WINDOWS\System32\USER32.dll
0x00007ff86be10000 - 0x00007ff86c0b5000 	C:\WINDOWS\WinSxS\amd64_microsoft.windows.common-controls_6595b64144ccf1df_6.0.22000.120_none_9d947278b86cc467\COMCTL32.dll
0x00007ff880c70000 - 0x00007ff880c96000 	C:\WINDOWS\System32\win32u.dll
0x00007ff882300000 - 0x00007ff882329000 	C:\WINDOWS\System32\GDI32.dll
0x00007ff880ca0000 - 0x00007ff880db2000 	C:\WINDOWS\System32\gdi32full.dll
0x00007ff881510000 - 0x00007ff8815ad000 	C:\WINDOWS\System32\msvcp_win.dll
0x00007ff8785d0000 - 0x00007ff8785da000 	C:\WINDOWS\SYSTEM32\VERSION.dll
0x00007ff882660000 - 0x00007ff882691000 	C:\WINDOWS\System32\IMM32.DLL
0x00007ff875000000 - 0x00007ff87500c000 	C:\Program Files\Java\jdk-18.0.1.1\bin\vcruntime140_1.dll
0x00007ff8193e0000 - 0x00007ff81946d000 	C:\Program Files\Java\jdk-18.0.1.1\bin\msvcp140.dll
0x00007ff803360000 - 0x00007ff803f70000 	C:\Program Files\Java\jdk-18.0.1.1\bin\server\jvm.dll
0x00007ff883260000 - 0x00007ff883268000 	C:\WINDOWS\System32\PSAPI.DLL
0x00007ff84d060000 - 0x00007ff84d069000 	C:\WINDOWS\SYSTEM32\WSOCK32.dll
0x00007ff87e980000 - 0x00007ff87e9b3000 	C:\WINDOWS\SYSTEM32\WINMM.dll
0x00007ff8830a0000 - 0x00007ff88310f000 	C:\WINDOWS\System32\WS2_32.dll
0x00007ff87fce0000 - 0x00007ff87fcf8000 	C:\WINDOWS\SYSTEM32\kernel.appcore.dll
0x00007ff874340000 - 0x00007ff87434a000 	C:\Program Files\Java\jdk-18.0.1.1\bin\jimage.dll
0x00007ff87e730000 - 0x00007ff87e951000 	C:\WINDOWS\SYSTEM32\DBGHELP.DLL
0x00007ff87e6f0000 - 0x00007ff87e721000 	C:\WINDOWS\SYSTEM32\dbgcore.DLL
0x00007ff8812b0000 - 0x00007ff881330000 	C:\WINDOWS\System32\bcryptPrimitives.dll
0x00007ff8640d0000 - 0x00007ff8640f5000 	C:\Program Files\Java\jdk-18.0.1.1\bin\java.dll
0x00007ff803280000 - 0x00007ff803356000 	C:\Program Files\Java\jdk-18.0.1.1\bin\jsvml.dll
0x00007ff8826a0000 - 0x00007ff882e4a000 	C:\WINDOWS\System32\SHELL32.dll
0x00007ff87ed60000 - 0x00007ff87f5c2000 	C:\WINDOWS\SYSTEM32\windows.storage.dll
0x00007ff881ec0000 - 0x00007ff882238000 	C:\WINDOWS\System32\combase.dll
0x00007ff87ebf0000 - 0x00007ff87ed56000 	C:\WINDOWS\SYSTEM32\wintypes.dll
0x00007ff881cf0000 - 0x00007ff881dda000 	C:\WINDOWS\System32\SHCORE.dll
0x00007ff883190000 - 0x00007ff8831ed000 	C:\WINDOWS\System32\shlwapi.dll
0x00007ff880b30000 - 0x00007ff880b51000 	C:\WINDOWS\SYSTEM32\profapi.dll
0x00007ff862b80000 - 0x00007ff862b93000 	C:\Program Files\Java\jdk-18.0.1.1\bin\net.dll
0x00007ff87af80000 - 0x00007ff87b08c000 	C:\WINDOWS\SYSTEM32\WINHTTP.dll
0x00007ff880150000 - 0x00007ff8801b7000 	C:\WINDOWS\system32\mswsock.dll
0x00007ff862b60000 - 0x00007ff862b76000 	C:\Program Files\Java\jdk-18.0.1.1\bin\nio.dll
0x00007ff862740000 - 0x00007ff862758000 	C:\Program Files\Java\jdk-18.0.1.1\bin\zip.dll

dbghelp: loaded successfully - version: 4.0.5 - missing functions: none
symbol engine: initialized successfully - sym options: 0x614 - pdb path: (cannot be retrieved)

VM Arguments:
jvm_args: -Dfile.encoding=utf8 
java_command: c:\Users\LaLoc\.vscode\extensions\vscjava.vscode-gradle-3.12.5\lib\gradle-language-server.jar
java_class_path (initial): c:\Users\LaLoc\.vscode\extensions\vscjava.vscode-gradle-3.12.5\lib\gradle-language-server.jar
Launcher Type: SUN_STANDARD

[Global flags]
     intx CICompilerCount                          = 12                                        {product} {ergonomic}
     uint ConcGCThreads                            = 3                                         {product} {ergonomic}
     uint G1ConcRefinementThreads                  = 13                                        {product} {ergonomic}
   size_t G1HeapRegionSize                         = 2097152                                   {product} {ergonomic}
    uintx GCDrainStackTargetSize                   = 64                                        {product} {ergonomic}
   size_t InitialHeapSize                          = 260046848                                 {product} {ergonomic}
   size_t MarkStackSize                            = 4194304                                   {product} {ergonomic}
   size_t MaxHeapSize                              = 4137680896                                {product} {ergonomic}
   size_t MaxNewSize                               = 2480930816                                {product} {ergonomic}
   size_t MinHeapDeltaBytes                        = 2097152                                   {product} {ergonomic}
   size_t MinHeapSize                              = 8388608                                   {product} {ergonomic}
    uintx NonNMethodCodeHeapSize                   = 7602480                                {pd product} {ergonomic}
    uintx NonProfiledCodeHeapSize                  = 122027880                              {pd product} {ergonomic}
    uintx ProfiledCodeHeapSize                     = 122027880                              {pd product} {ergonomic}
    uintx ReservedCodeCacheSize                    = 251658240                              {pd product} {ergonomic}
     bool SegmentedCodeCache                       = true                                      {product} {ergonomic}
   size_t SoftMaxHeapSize                          = 4137680896                             {manageable} {ergonomic}
     bool UseCompressedClassPointers               = true                           {product lp64_product} {ergonomic}
     bool UseCompressedOops                        = true                           {product lp64_product} {ergonomic}
     bool UseG1GC                                  = true                                      {product} {ergonomic}
     bool UseLargePagesIndividualAllocation        = false                                  {pd product} {ergonomic}

Logging:
Log output configuration:
 #0: stdout all=warning uptime,level,tags foldmultilines=false
 #1: stderr all=off uptime,level,tags foldmultilines=false

Environment Variables:
PATH=C:\Program Files\Microsoft MPI\Bin\;C:\Program Files\Common Files\Oracle\Java\javapath;C:\Program Files (x86)\Razer\ChromaBroadcast\bin;C:\Program Files\Razer\ChromaBroadcast\bin;C:\Program Files (x86)\Common Files\Oracle\Java\javapath;C:\WINDOWS\system32;C:\WINDOWS;C:\WINDOWS\System32\Wbem;C:\WINDOWS\System32\WindowsPowerShell\v1.0\;C:\WINDOWS\System32\OpenSSH\;C:\Program Files (x86)\NVIDIA Corporation\PhysX\Common;C:\Program Files\NVIDIA Corporation\NVIDIA NvDLISR;C:\Program Files\dotnet\;C:\Program Files\Git\cmd;C:\Program Files\nodejs\;C:\WINDOWS\system32\config\systemprofile\AppData\Local\Microsoft\WindowsApps;C:\Program Files\Azure Data Studio\bin;C:\Program Files\Microsoft SQL Server\Client SDK\ODBC\170\Tools\Binn\;C:\Program Files (x86)\Microsoft SQL Server\150\Tools\Binn\;C:\Program Files\Microsoft SQL Server\150\Tools\Binn\;C:\Program Files\Microsoft SQL Server\150\DTS\Binn\;C:\Program Files (x86)\Microsoft SQL Server\150\DTS\Binn\;C:\Program Files\Docker\Docker\resources\bin;C:\ProgramData\DockerDesktop\version-bin;C:\Users\LaLoc\AppData\Local\Microsoft\WindowsApps;D:\IDE\Microsoft VS Code\bin;C:\Users\LaLoc\AppData\Local\GitHubDesktop\bin;C:\Users\LaLoc\AppData\Roaming\npm;D:\IDE\IntelliJ IDEA 2022.1.3\bin;;C:\Program Files\Azure Data Studio\bin;D:\Flutter\fluttersdk\bin;C:\Program Files\MySQL\MySQL Server 8.0\bin;
USERNAME=LaLoc
OS=Windows_NT
PROCESSOR_IDENTIFIER=AMD64 Family 25 Model 80 Stepping 0, AuthenticAMD



---------------  S Y S T E M  ---------------

OS:
 Windows 11 , 64 bit Build 22000 (10.0.22000.318)
OS uptime: 4 days 21:39 hours
Hyper-V role detected

CPU: total 16 (initial active 16) (16 cores per cpu, 2 threads per core) family 25 model 80 stepping 0 microcode 0x0, cx8, cmov, fxsr, ht, mmx, 3dnowpref, sse, sse2, sse3, ssse3, sse4a, sse4.1, sse4.2, popcnt, lzcnt, tsc, tscinvbit, avx, avx2, aes, erms, clmul, bmi1, bmi2, adx, sha, fma, vzeroupper, clflush, clflushopt, hv

Memory: 4k page, system-wide physical 15776M (4323M free)
TotalPageFile size 23968M (AvailPageFile size 0M)
current process WorkingSet (physical memory assigned to process): 63M, peak: 63M
current process commit charge ("private bytes"): 358M, peak: 358M

vm_info: Java HotSpot(TM) 64-Bit Server VM (18.0.1.1+2-6) for windows-amd64 JRE (18.0.1.1+2-6), built on Apr 25 2022 21:53:15 by "mach5one" with MS VC++ 16.8 / 16.9 (VS2019)

END.
